<?xml version="1.0" encoding="UTF-8"?>
<!-- Generated by org.testng.reporters.JUnitReportReporter -->
<testsuite hostname="LAPTOP-B9GHQJBD" failures="0" tests="1" name="com.qa.testscripts.TC_AmazonScroll_001" time="4.052" errors="0" timestamp="2022-12-09T16:09:46 IST" skipped="0">
  <testcase classname="com.qa.testscripts.TC_AmazonScroll_001" name="Search" time="4.052"/>
  <system-out/>
</testsuite> <!-- com.qa.testscripts.TC_AmazonScroll_001 -->
